<?xml version="1.0" encoding="UTF-8"?>
<!-- Generated by org.testng.reporters.JUnitReportReporter -->
<testsuite hostname="DESKTOP-MOK7TM7" failures="0" tests="1" name="testng.Dropdown" time="2.763" errors="0" timestamp="2022-12-23T10:12:03 IST" skipped="0">
  <testcase classname="testng.Dropdown" name="test1" time="2.763"/>
  <system-out/>
</testsuite> <!-- testng.Dropdown -->
