<?xml version="1.0" encoding="UTF-8"?>
<!-- Generated by org.testng.reporters.JUnitReportReporter -->
<testsuite hostname="DESKTOP-MOK7TM7" failures="0" tests="1" name="testng.Copypaste" time="2.162" errors="0" timestamp="2023-02-03T10:43:20 IST" skipped="0">
  <testcase classname="testng.Copypaste" name="main" time="2.162"/>
  <system-out/>
</testsuite> <!-- testng.Copypaste -->
