<?xml version="1.0" encoding="UTF-8"?>
<!-- Generated by org.testng.reporters.JUnitReportReporter -->
<testsuite hostname="DESKTOP-MOK7TM7" failures="0" tests="3" name="testng.Grouping" time="0.021" errors="0" timestamp="2022-12-22T10:21:47 IST" skipped="0">
  <testcase classname="testng.Grouping" name="test5" time="0.003"/>
  <system-out/>
  <testcase classname="testng.Grouping" name="test1" time="0.011"/>
  <system-out/>
  <testcase classname="testng.Grouping" name="test2" time="0.007"/>
  <system-out/>
</testsuite> <!-- testng.Grouping -->
