<?xml version="1.0" encoding="UTF-8"?>
<!-- Generated by org.testng.reporters.JUnitReportReporter -->
<testsuite hostname="DESKTOP-MOK7TM7" failures="0" tests="1" name="testng.Parameterisation" time="0.011" errors="0" timestamp="2022-12-23T09:18:42 IST" skipped="0">
  <testcase classname="testng.Parameterisation" name="test1" time="0.011"/>
  <system-out/>
</testsuite> <!-- testng.Parameterisation -->
