<?xml version="1.0" encoding="UTF-8"?>
<!-- Generated by org.testng.reporters.JUnitReportReporter -->
<testsuite hostname="DESKTOP-MOK7TM7" failures="0" tests="6" name="testng.Testngdemo" time="6.925" errors="0" timestamp="2022-12-22T09:49:29 IST" skipped="0">
  <testcase classname="testng.Testngdemo" name="test2" time="0.638"/>
  <system-out/>
  <testcase classname="testng.Testngdemo" name="test3" time="1.299"/>
  <system-out/>
  <testcase classname="testng.Testngdemo" name="test1" time="1.298"/>
  <system-out/>
  <testcase classname="testng.Testngdemo" name="test1" time="0.898"/>
  <system-out/>
  <testcase classname="testng.Testngdemo" name="test1" time="2.203"/>
  <system-out/>
  <testcase classname="testng.Testngdemo" name="test1" time="0.589"/>
  <system-out/>
</testsuite> <!-- testng.Testngdemo -->
