<?xml version="1.0" encoding="UTF-8"?>
<!-- Generated by org.testng.reporters.JUnitReportReporter -->
<testsuite hostname="DESKTOP-MOK7TM7" failures="0" tests="1" name="testng.Mousehover" time="4.750" errors="0" timestamp="2022-12-29T09:41:45 IST" skipped="0">
  <testcase classname="testng.Mousehover" name="test1" time="4.750"/>
  <system-out/>
</testsuite> <!-- testng.Mousehover -->
