<?xml version="1.0" encoding="UTF-8"?>
<!-- Generated by org.testng.reporters.JUnitReportReporter -->
<testsuite hostname="DESKTOP-MOK7TM7" failures="0" tests="1" name="test.Expediapgm" time="10.836" errors="0" timestamp="2023-01-23T15:25:17 IST" skipped="0">
  <testcase classname="test.Expediapgm" name="test" time="10.836"/>
  <system-out/>
</testsuite> <!-- test.Expediapgm -->
