<?xml version="1.0" encoding="UTF-8"?>
<!-- Generated by org.testng.reporters.JUnitReportReporter -->
<testsuite hostname="DESKTOP-MOK7TM7" failures="0" tests="1" name="testng.Fileuploadautoit" time="2.113" errors="0" timestamp="2023-01-13T15:27:24 IST" skipped="0">
  <testcase classname="testng.Fileuploadautoit" name="main" time="2.113"/>
  <system-out/>
</testsuite> <!-- testng.Fileuploadautoit -->
