<?xml version="1.0" encoding="UTF-8"?>
<!-- Generated by org.testng.reporters.JUnitReportReporter -->
<testsuite hostname="DESKTOP-MOK7TM7" failures="0" tests="2" name="testng.Crossbrowsertest" time="2.811" errors="0" timestamp="2022-12-27T09:28:45 IST" skipped="0">
  <testcase classname="testng.Crossbrowsertest" name="test1" time="1.367"/>
  <system-out/>
  <testcase classname="testng.Crossbrowsertest" name="test1" time="1.444"/>
  <system-out/>
</testsuite> <!-- testng.Crossbrowsertest -->
