<?xml version="1.0" encoding="UTF-8"?>
<!-- Generated by org.testng.reporters.JUnitReportReporter -->
<testsuite hostname="DESKTOP-MOK7TM7" failures="0" tests="1" name="testng.Fileuploadrobot" time="4.463" errors="0" timestamp="2023-01-02T09:39:58 IST" skipped="0">
  <testcase classname="testng.Fileuploadrobot" name="main" time="4.463"/>
  <system-out/>
</testsuite> <!-- testng.Fileuploadrobot -->
